0 verbose cli /usr/local/bin/node /usr/local/bin/npm
1 info using npm@9.8.1
2 info using node@v16.20.1
3 timing npm:load:whichnode Completed in 7ms
4 timing config:load:defaults Completed in 1ms
5 timing config:load:file:/usr/local/lib/node_modules/npm/npmrc Completed in 1ms
6 timing config:load:builtin Completed in 1ms
7 timing config:load:cli Completed in 1ms
8 timing config:load:env Completed in 0ms
9 timing config:load:project Completed in 0ms
10 timing config:load:file:/app/.npmrc Completed in 2ms
11 timing config:load:user Completed in 2ms
12 timing config:load:file:/usr/local/etc/npmrc Completed in 0ms
13 timing config:load:global Completed in 0ms
14 timing config:load:setEnvs Completed in 1ms
15 timing config:load Completed in 6ms
16 timing npm:load:configload Completed in 6ms
17 timing config:load:flatten Completed in 1ms
18 timing npm:load:mkdirpcache Completed in 2ms
19 timing npm:load:mkdirplogs Completed in 1ms
20 verbose title npm i
21 verbose argv "i"
22 timing npm:load:setTitle Completed in 0ms
23 timing npm:load:display Completed in 1ms
24 verbose logfile logs-max:10 dir:/app/.npm/_logs/2023-08-07T19_59_01_940Z-
25 verbose logfile /app/.npm/_logs/2023-08-07T19_59_01_940Z-debug-0.log
26 timing npm:load:logFile Completed in 11ms
27 timing npm:load:timers Completed in 0ms
28 timing npm:load:configScope Completed in 0ms
29 timing npm:load Completed in 45ms
30 timing arborist:ctor Completed in 1ms
31 silly logfile done cleaning log files
32 timing idealTree:init Completed in 405ms
33 timing idealTree:userRequests Completed in 0ms
34 silly idealTree buildDeps
35 timing idealTree:#root Completed in 0ms
36 timing idealTree:buildDeps Completed in 3ms
37 timing idealTree:fixDepFlags Completed in 0ms
38 timing idealTree Completed in 417ms
39 timing arborist:ctor Completed in 0ms
40 timing reify:loadTrees Completed in 1546ms
41 timing reify:diffTrees Completed in 223ms
42 silly reify moves {}
43 timing reify:retireShallow Completed in 1ms
44 timing reify:createSparse Completed in 39ms
45 timing reify:loadBundles Completed in 0ms
46 silly audit bulk request {
46 silly audit   '@ampproject/remapping': [ '2.2.1' ],
46 silly audit   '@angular-devkit/architect': [ '0.1601.7' ],
46 silly audit   '@angular-devkit/build-angular': [ '16.1.7' ],
46 silly audit   tslib: [ '2.5.3', '2.6.1' ],
46 silly audit   '@angular-devkit/build-webpack': [ '0.1601.7' ],
46 silly audit   '@angular-devkit/core': [ '16.1.7' ],
46 silly audit   '@angular-devkit/schematics': [ '16.1.7' ],
46 silly audit   '@angular/animations': [ '16.1.8' ],
46 silly audit   '@angular/cli': [ '16.1.7' ],
46 silly audit   '@angular/common': [ '16.1.8' ],
46 silly audit   '@angular/compiler': [ '16.1.8' ],
46 silly audit   '@angular/compiler-cli': [ '16.1.8' ],
46 silly audit   '@angular/core': [ '16.1.8' ],
46 silly audit   '@angular/forms': [ '16.1.8' ],
46 silly audit   '@angular/platform-browser': [ '16.1.8' ],
46 silly audit   '@angular/platform-browser-dynamic': [ '16.1.8' ],
46 silly audit   '@angular/router': [ '16.1.8' ],
46 silly audit   '@assemblyscript/loader': [ '0.10.1' ],
46 silly audit   '@babel/code-frame': [ '7.22.5' ],
46 silly audit   '@babel/compat-data': [ '7.22.9' ],
46 silly audit   '@babel/core': [ '7.22.5' ],
46 silly audit   semver: [ '6.3.1', '5.7.2', '7.5.3' ],
46 silly audit   '@babel/generator': [ '7.22.7' ],
46 silly audit   '@babel/helper-annotate-as-pure': [ '7.22.5' ],
46 silly audit   '@babel/helper-builder-binary-assignment-operator-visitor': [ '7.22.5' ],
46 silly audit   '@babel/helper-compilation-targets': [ '7.22.9' ],
46 silly audit   '@babel/helper-create-class-features-plugin': [ '7.22.9' ],
46 silly audit   '@babel/helper-split-export-declaration': [ '7.22.6', '7.22.5' ],
46 silly audit   '@babel/helper-create-regexp-features-plugin': [ '7.22.9' ],
46 silly audit   '@babel/helper-define-polyfill-provider': [ '0.4.2' ],
46 silly audit   '@babel/helper-environment-visitor': [ '7.22.5' ],
46 silly audit   '@babel/helper-function-name': [ '7.22.5' ],
46 silly audit   '@babel/helper-hoist-variables': [ '7.22.5' ],
46 silly audit   '@babel/helper-member-expression-to-functions': [ '7.22.5' ],
46 silly audit   '@babel/helper-module-imports': [ '7.22.5' ],
46 silly audit   '@babel/helper-module-transforms': [ '7.22.9' ],
46 silly audit   '@babel/helper-optimise-call-expression': [ '7.22.5' ],
46 silly audit   '@babel/helper-plugin-utils': [ '7.22.5' ],
46 silly audit   '@babel/helper-remap-async-to-generator': [ '7.22.9' ],
46 silly audit   '@babel/helper-replace-supers': [ '7.22.9' ],
46 silly audit   '@babel/helper-simple-access': [ '7.22.5' ],
46 silly audit   '@babel/helper-skip-transparent-expression-wrappers': [ '7.22.5' ],
46 silly audit   '@babel/helper-string-parser': [ '7.22.5' ],
46 silly audit   '@babel/helper-validator-identifier': [ '7.22.5' ],
46 silly audit   '@babel/helper-validator-option': [ '7.22.5' ],
46 silly audit   '@babel/helper-wrap-function': [ '7.22.9' ],
46 silly audit   '@babel/helpers': [ '7.22.6' ],
46 silly audit   '@babel/highlight': [ '7.22.5' ],
46 silly audit   '@babel/parser': [ '7.22.7' ],
46 silly audit   '@babel/plugin-bugfix-safari-id-destructuring-collision-in-function-expression': [ '7.22.5' ],
46 silly audit   '@babel/plugin-bugfix-v8-spread-parameters-in-optional-chaining': [ '7.22.5' ],
46 silly audit   '@babel/plugin-proposal-async-generator-functions': [ '7.20.7' ],
46 silly audit   '@babel/plugin-proposal-private-property-in-object': [ '7.21.0-placeholder-for-preset-env.2' ],
46 silly audit   '@babel/plugin-proposal-unicode-property-regex': [ '7.18.6' ],
46 silly audit   '@babel/plugin-syntax-async-generators': [ '7.8.4' ],
46 silly audit   '@babel/plugin-syntax-class-properties': [ '7.12.13' ],
46 silly audit   '@babel/plugin-syntax-class-static-block': [ '7.14.5' ],
46 silly audit   '@babel/plugin-syntax-dynamic-import': [ '7.8.3' ],
46 silly audit   '@babel/plugin-syntax-export-namespace-from': [ '7.8.3' ],
46 silly audit   '@babel/plugin-syntax-import-assertions': [ '7.22.5' ],
46 silly audit   '@babel/plugin-syntax-import-attributes': [ '7.22.5' ],
46 silly audit   '@babel/plugin-syntax-import-meta': [ '7.10.4' ],
46 silly audit   '@babel/plugin-syntax-json-strings': [ '7.8.3' ],
46 silly audit   '@babel/plugin-syntax-logical-assignment-operators': [ '7.10.4' ],
46 silly audit   '@babel/plugin-syntax-nullish-coalescing-operator': [ '7.8.3' ],
46 silly audit   '@babel/plugin-syntax-numeric-separator': [ '7.10.4' ],
46 silly audit   '@babel/plugin-syntax-object-rest-spread': [ '7.8.3' ],
46 silly audit   '@babel/plugin-syntax-optional-catch-binding': [ '7.8.3' ],
46 silly audit   '@babel/plugin-syntax-optional-chaining': [ '7.8.3' ],
46 silly audit   '@babel/plugin-syntax-private-property-in-object': [ '7.14.5' ],
46 silly audit   '@babel/plugin-syntax-top-level-await': [ '7.14.5' ],
46 silly audit   '@babel/plugin-syntax-unicode-sets-regex': [ '7.18.6' ],
46 silly audit   '@babel/plugin-transform-arrow-functions': [ '7.22.5' ],
46 silly audit   '@babel/plugin-transform-async-generator-functions': [ '7.22.7' ],
46 silly audit   '@babel/plugin-transform-async-to-generator': [ '7.22.5' ],
46 silly audit   '@babel/plugin-transform-block-scoped-functions': [ '7.22.5' ],
46 silly audit   '@babel/plugin-transform-block-scoping': [ '7.22.5' ],
46 silly audit   '@babel/plugin-transform-class-properties': [ '7.22.5' ],
46 silly audit   '@babel/plugin-transform-class-static-block': [ '7.22.5' ],
46 silly audit   '@babel/plugin-transform-classes': [ '7.22.6' ],
46 silly audit   '@babel/plugin-transform-computed-properties': [ '7.22.5' ],
46 silly audit   '@babel/plugin-transform-destructuring': [ '7.22.5' ],
46 silly audit   '@babel/plugin-transform-dotall-regex': [ '7.22.5' ],
46 silly audit   '@babel/plugin-transform-duplicate-keys': [ '7.22.5' ],
46 silly audit   '@babel/plugin-transform-dynamic-import': [ '7.22.5' ],
46 silly audit   '@babel/plugin-transform-exponentiation-operator': [ '7.22.5' ],
46 silly audit   '@babel/plugin-transform-export-namespace-from': [ '7.22.5' ],
46 silly audit   '@babel/plugin-transform-for-of': [ '7.22.5' ],
46 silly audit   '@babel/plugin-transform-function-name': [ '7.22.5' ],
46 silly audit   '@babel/plugin-transform-json-strings': [ '7.22.5' ],
46 silly audit   '@babel/plugin-transform-literals': [ '7.22.5' ],
46 silly audit   '@babel/plugin-transform-logical-assignment-operators': [ '7.22.5' ],
46 silly audit   '@babel/plugin-transform-member-expression-literals': [ '7.22.5' ],
46 silly audit   '@babel/plugin-transform-modules-amd': [ '7.22.5' ],
46 silly audit   '@babel/plugin-transform-modules-commonjs': [ '7.22.5' ],
46 silly audit   '@babel/plugin-transform-modules-systemjs': [ '7.22.5' ],
46 silly audit   '@babel/plugin-transform-modules-umd': [ '7.22.5' ],
46 silly audit   '@babel/plugin-transform-named-capturing-groups-regex': [ '7.22.5' ],
46 silly audit   '@babel/plugin-transform-new-target': [ '7.22.5' ],
46 silly audit   '@babel/plugin-transform-nullish-coalescing-operator': [ '7.22.5' ],
46 silly audit   '@babel/plugin-transform-numeric-separator': [ '7.22.5' ],
46 silly audit   '@babel/plugin-transform-object-rest-spread': [ '7.22.5' ],
46 silly audit   '@babel/plugin-transform-object-super': [ '7.22.5' ],
46 silly audit   '@babel/plugin-transform-optional-catch-binding': [ '7.22.5' ],
46 silly audit   '@babel/plugin-transform-optional-chaining': [ '7.22.6' ],
46 silly audit   '@babel/plugin-transform-parameters': [ '7.22.5' ],
46 silly audit   '@babel/plugin-transform-private-methods': [ '7.22.5' ],
46 silly audit   '@babel/plugin-transform-private-property-in-object': [ '7.22.5' ],
46 silly audit   '@babel/plugin-transform-property-literals': [ '7.22.5' ],
46 silly audit   '@babel/plugin-transform-regenerator': [ '7.22.5' ],
46 silly audit   '@babel/plugin-transform-reserved-words': [ '7.22.5' ],
46 silly audit   '@babel/plugin-transform-runtime': [ '7.22.5' ],
46 silly audit   '@babel/plugin-transform-shorthand-properties': [ '7.22.5' ],
46 silly audit   '@babel/plugin-transform-spread': [ '7.22.5' ],
46 silly audit   '@babel/plugin-transform-sticky-regex': [ '7.22.5' ],
46 silly audit   '@babel/plugin-transform-template-literals': [ '7.22.5' ],
46 silly audit   '@babel/plugin-transform-typeof-symbol': [ '7.22.5' ],
46 silly audit   '@babel/plugin-transform-unicode-escapes': [ '7.22.5' ],
46 silly audit   '@babel/plugin-transform-unicode-property-regex': [ '7.22.5' ],
46 silly audit   '@babel/plugin-transform-unicode-regex': [ '7.22.5' ],
46 silly audit   '@babel/plugin-transform-unicode-sets-regex': [ '7.22.5' ],
46 silly audit   '@babel/preset-env': [ '7.22.5' ],
46 silly audit   '@babel/preset-modules': [ '0.1.6' ],
46 silly audit   '@babel/regjsgen': [ '0.8.0' ],
46 silly audit   '@babel/runtime': [ '7.22.5' ],
46 silly audit   '@babel/template': [ '7.22.5' ],
46 silly audit   '@babel/traverse': [ '7.22.8' ],
46 silly audit   '@babel/types': [ '7.22.5' ],
46 silly audit   '@colors/colors': [ '1.5.0' ],
46 silly audit   '@discoveryjs/json-ext': [ '0.5.7' ],
46 silly audit   '@esbuild/android-arm': [ '0.17.19' ],
46 silly audit   '@esbuild/android-arm64': [ '0.17.19' ],
46 silly audit   '@esbuild/android-x64': [ '0.17.19' ],
46 silly audit   '@esbuild/darwin-arm64': [ '0.17.19' ],
46 silly audit   '@esbuild/darwin-x64': [ '0.17.19' ],
46 silly audit   '@esbuild/freebsd-arm64': [ '0.17.19' ],
46 silly audit   '@esbuild/freebsd-x64': [ '0.17.19' ],
46 silly audit   '@esbuild/linux-arm': [ '0.17.19' ],
46 silly audit   '@esbuild/linux-arm64': [ '0.17.19' ],
46 silly audit   '@esbuild/linux-ia32': [ '0.17.19' ],
46 silly audit   '@esbuild/linux-loong64': [ '0.17.19' ],
46 silly audit   '@esbuild/linux-mips64el': [ '0.17.19' ],
46 silly audit   '@esbuild/linux-ppc64': [ '0.17.19' ],
46 silly audit   '@esbuild/linux-riscv64': [ '0.17.19' ],
46 silly audit   '@esbuild/linux-s390x': [ '0.17.19' ],
46 silly audit   '@esbuild/linux-x64': [ '0.17.19' ],
46 silly audit   '@esbuild/netbsd-x64': [ '0.17.19' ],
46 silly audit   '@esbuild/openbsd-x64': [ '0.17.19' ],
46 silly audit   '@esbuild/sunos-x64': [ '0.17.19' ],
46 silly audit   '@esbuild/win32-arm64': [ '0.17.19' ],
46 silly audit   '@esbuild/win32-ia32': [ '0.17.19' ],
46 silly audit   '@esbuild/win32-x64': [ '0.17.19' ],
46 silly audit   '@isaacs/cliui': [ '8.0.2' ],
46 silly audit   'ansi-regex': [ '6.0.1', '5.0.1' ],
46 silly audit   'ansi-styles': [ '6.2.1', '3.2.1', '4.3.0' ],
46 silly audit   'emoji-regex': [ '9.2.2', '8.0.0' ],
46 silly audit   'string-width': [ '5.1.2', '4.2.3' ],
46 silly audit   'strip-ansi': [ '7.1.0', '6.0.1' ],
46 silly audit   'wrap-ansi': [ '8.1.0', '7.0.0' ],
46 silly audit   '@istanbuljs/load-nyc-config': [ '1.1.0' ],
46 silly audit   '@istanbuljs/schema': [ '0.1.3' ],
46 silly audit   '@jridgewell/gen-mapping': [ '0.3.3' ],
46 silly audit   '@jridgewell/resolve-uri': [ '3.1.0' ],
46 silly audit   '@jridgewell/set-array': [ '1.1.2' ],
46 silly audit   '@jridgewell/source-map': [ '0.3.5' ],
46 silly audit   '@jridgewell/sourcemap-codec': [ '1.4.15', '1.4.14' ],
46 silly audit   '@jridgewell/trace-mapping': [ '0.3.18' ],
46 silly audit   '@leichtgewicht/ip-codec': [ '2.0.4' ],
46 silly audit   '@ngtools/webpack': [ '16.1.7' ],
46 silly audit   '@nodelib/fs.scandir': [ '2.1.5' ],
46 silly audit   '@nodelib/fs.stat': [ '2.0.5' ],
46 silly audit   '@nodelib/fs.walk': [ '1.2.8' ],
46 silly audit   '@npmcli/fs': [ '3.1.0' ],
46 silly audit   '@npmcli/git': [ '4.1.0' ],
46 silly audit   'lru-cache': [ '7.18.3', '5.1.1', '10.0.0', '6.0.0' ],
46 silly audit   which: [ '3.0.1', '1.3.1', '2.0.2' ],
46 silly audit   '@npmcli/installed-package-contents': [ '2.0.2' ],
46 silly audit   '@npmcli/node-gyp': [ '3.0.0' ],
46 silly audit   '@npmcli/promise-spawn': [ '6.0.2' ],
46 silly audit   '@npmcli/run-script': [ '6.0.2' ],
46 silly audit   '@pkgjs/parseargs': [ '0.11.0' ],
46 silly audit   '@schematics/angular': [ '16.1.7' ],
46 silly audit   '@sigstore/bundle': [ '1.0.0' ],
46 silly audit   '@sigstore/protobuf-specs': [ '0.2.0' ],
46 silly audit   '@sigstore/tuf': [ '1.0.3' ],
46 silly audit   '@socket.io/component-emitter': [ '3.1.0' ],
46 silly audit   '@tootallnate/once': [ '2.0.0' ],
46 silly audit   '@tufjs/canonical-json': [ '1.0.0' ],
46 silly audit   '@tufjs/models': [ '1.0.4' ],
46 silly audit   '@types/body-parser': [ '1.19.2' ],
46 silly audit   '@types/bonjour': [ '3.5.10' ],
46 silly audit   '@types/connect': [ '3.4.35' ],
46 silly audit   '@types/connect-history-api-fallback': [ '1.5.0' ],
46 silly audit   '@types/cookie': [ '0.4.1' ],
46 silly audit   '@types/cors': [ '2.8.13' ],
46 silly audit   '@types/eslint': [ '8.44.1' ],
46 silly audit   '@types/eslint-scope': [ '3.7.4' ],
46 silly audit   '@types/estree': [ '1.0.1' ],
46 silly audit   '@types/express': [ '4.17.17' ],
46 silly audit   '@types/express-serve-static-core': [ '4.17.35' ],
46 silly audit   '@types/http-errors': [ '2.0.1' ],
46 silly audit   '@types/http-proxy': [ '1.17.11' ],
46 silly audit   '@types/jasmine': [ '4.3.5' ],
46 silly audit   '@types/json-schema': [ '7.0.12' ],
46 silly audit   '@types/mime': [ '1.3.2' ],
46 silly audit   '@types/node': [ '20.4.6' ],
46 silly audit   '@types/qs': [ '6.9.7' ],
46 silly audit   '@types/range-parser': [ '1.2.4' ],
46 silly audit   '@types/retry': [ '0.12.0' ],
46 silly audit   '@types/send': [ '0.17.1' ],
46 silly audit   '@types/serve-index': [ '1.9.1' ],
46 silly audit   '@types/serve-static': [ '1.15.2' ],
46 silly audit   '@types/sockjs': [ '0.3.33' ],
46 silly audit   '@types/ws': [ '8.5.5' ],
46 silly audit   '@vitejs/plugin-basic-ssl': [ '1.0.1' ],
46 silly audit   '@webassemblyjs/ast': [ '1.11.6' ],
46 silly audit   '@webassemblyjs/floating-point-hex-parser': [ '1.11.6' ],
46 silly audit   '@webassemblyjs/helper-api-error': [ '1.11.6' ],
46 silly audit   '@webassemblyjs/helper-buffer': [ '1.11.6' ],
46 silly audit   '@webassemblyjs/helper-numbers': [ '1.11.6' ],
46 silly audit   '@webassemblyjs/helper-wasm-bytecode': [ '1.11.6' ],
46 silly audit   '@webassemblyjs/helper-wasm-section': [ '1.11.6' ],
46 silly audit   '@webassemblyjs/ieee754': [ '1.11.6' ],
46 silly audit   '@webassemblyjs/leb128': [ '1.11.6' ],
46 silly audit   '@webassemblyjs/utf8': [ '1.11.6' ],
46 silly audit   '@webassemblyjs/wasm-edit': [ '1.11.6' ],
46 silly audit   '@webassemblyjs/wasm-gen': [ '1.11.6' ],
46 silly audit   '@webassemblyjs/wasm-opt': [ '1.11.6' ],
46 silly audit   '@webassemblyjs/wasm-parser': [ '1.11.6' ],
46 silly audit   '@webassemblyjs/wast-printer': [ '1.11.6' ],
46 silly audit   '@xtuc/ieee754': [ '1.2.0' ],
46 silly audit   '@xtuc/long': [ '4.2.2' ],
46 silly audit   '@yarnpkg/lockfile': [ '1.1.0' ],
46 silly audit   abab: [ '2.0.6' ],
46 silly audit   abbrev: [ '1.1.1' ],
46 silly audit   accepts: [ '1.3.8' ],
46 silly audit   acorn: [ '8.10.0' ],
46 silly audit   'acorn-import-assertions': [ '1.9.0' ],
46 silly audit   'adjust-sourcemap-loader': [ '4.0.0' ],
46 silly audit   'loader-utils': [ '2.0.4', '3.2.1' ],
46 silly audit   'agent-base': [ '6.0.2' ],
46 silly audit   agentkeepalive: [ '4.3.0' ],
46 silly audit   'aggregate-error': [ '3.1.0' ],
46 silly audit   ajv: [ '8.12.0', '6.12.6' ],
46 silly audit   'ajv-formats': [ '2.1.1' ],
46 silly audit   'ajv-keywords': [ '5.1.0', '3.5.2' ],
46 silly audit   'ansi-colors': [ '4.1.3' ],
46 silly audit   'ansi-escapes': [ '4.3.2' ],
46 silly audit   'ansi-html-community': [ '0.0.8' ],
46 silly audit   anymatch: [ '3.1.3' ],
46 silly audit   aproba: [ '2.0.0' ],
46 silly audit   'are-we-there-yet': [ '3.0.1' ],
46 silly audit   argparse: [ '1.0.10', '2.0.1' ],
46 silly audit   'array-flatten': [ '2.1.2', '1.1.1' ],
46 silly audit   autoprefixer: [ '10.4.14' ],
46 silly audit   'babel-loader': [ '9.1.2' ],
46 silly audit   'babel-plugin-istanbul': [ '6.1.1' ],
46 silly audit   'babel-plugin-polyfill-corejs2': [ '0.4.5' ],
46 silly audit   'babel-plugin-polyfill-corejs3': [ '0.8.3' ],
46 silly audit   'babel-plugin-polyfill-regenerator': [ '0.5.2' ],
46 silly audit   'balanced-match': [ '1.0.2' ],
46 silly audit   'base64-js': [ '1.5.1' ],
46 silly audit   base64id: [ '2.0.0' ],
46 silly audit   batch: [ '0.6.1' ],
46 silly audit   'big.js': [ '5.2.2' ],
46 silly audit   'binary-extensions': [ '2.2.0' ],
46 silly audit   bl: [ '4.1.0' ],
46 silly audit   'body-parser': [ '1.20.2', '1.20.1' ],
46 silly audit   debug: [ '2.6.9', '4.3.4', '3.2.7' ],
46 silly audit   ms: [ '2.0.0', '2.1.2', '2.1.3' ],
46 silly audit   'bonjour-service': [ '1.1.1' ],
46 silly audit   boolbase: [ '1.0.0' ],
46 silly audit   bootstrap: [ '4.6.2' ],
46 silly audit   'brace-expansion': [ '2.0.1', '1.1.11' ],
46 silly audit   braces: [ '3.0.2' ],
46 silly audit   browserslist: [ '4.21.10' ],
46 silly audit   buffer: [ '5.7.1' ],
46 silly audit   'buffer-from': [ '1.1.2' ],
46 silly audit   builtins: [ '5.0.1' ],
46 silly audit   bytes: [ '3.1.2', '3.0.0' ],
46 silly audit   cacache: [ '17.1.3' ],
46 silly audit   'call-bind': [ '1.0.2' ],
46 silly audit   callsites: [ '3.1.0' ],
46 silly audit   camelcase: [ '5.3.1' ],
46 silly audit   'caniuse-lite': [ '1.0.30001519' ],
46 silly audit   chalk: [ '2.4.2', '4.1.2' ],
46 silly audit   chardet: [ '0.7.0' ],
46 silly audit   chokidar: [ '3.5.3' ],
46 silly audit   chownr: [ '2.0.0' ],
46 silly audit   'chrome-trace-event': [ '1.0.3' ],
46 silly audit   'clean-stack': [ '2.2.0' ],
46 silly audit   'cli-cursor': [ '3.1.0' ],
46 silly audit   'cli-spinners': [ '2.9.0' ],
46 silly audit   'cli-width': [ '3.0.0' ],
46 silly audit   cliui: [ '8.0.1', '7.0.4' ],
46 silly audit   clone: [ '1.0.4' ],
46 silly audit   'clone-deep': [ '4.0.1' ],
46 silly audit   'color-convert': [ '1.9.3', '2.0.1' ],
46 silly audit   'color-name': [ '1.1.3', '1.1.4' ],
46 silly audit   'color-support': [ '1.1.3' ],
46 silly audit   colorette: [ '2.0.20' ],
46 silly audit   commander: [ '2.20.3' ],
46 silly audit   commondir: [ '1.0.1' ],
46 silly audit   compressible: [ '2.0.18' ],
46 silly audit   compression: [ '1.7.4' ],
46 silly audit   'safe-buffer': [ '5.1.2', '5.2.1' ],
46 silly audit   'concat-map': [ '0.0.1' ],
46 silly audit   connect: [ '3.7.0' ],
46 silly audit   'connect-history-api-fallback': [ '2.0.0' ],
46 silly audit   'console-control-strings': [ '1.1.0' ],
46 silly audit   'content-disposition': [ '0.5.4' ],
46 silly audit   'content-type': [ '1.0.5' ],
46 silly audit   'convert-source-map': [ '1.9.0' ],
46 silly audit   cookie: [ '0.4.2', '0.5.0' ],
46 silly audit   'cookie-signature': [ '1.0.6' ],
46 silly audit   'copy-anything': [ '2.0.6' ],
46 silly audit   'copy-webpack-plugin': [ '11.0.0' ],
46 silly audit   'glob-parent': [ '6.0.2', '5.1.2' ],
46 silly audit   'core-js-compat': [ '3.32.0' ],
46 silly audit   'core-util-is': [ '1.0.3' ],
46 silly audit   cors: [ '2.8.5' ],
46 silly audit   cosmiconfig: [ '8.2.0' ],
46 silly audit   'js-yaml': [ '4.1.0', '3.14.1' ],
46 silly audit   critters: [ '0.0.19' ],
46 silly audit   'has-flag': [ '4.0.0', '3.0.0' ],
46 silly audit   'supports-color': [ '7.2.0', '8.1.1', '5.5.0' ],
46 silly audit   'cross-spawn': [ '7.0.3' ],
46 silly audit   'css-loader': [ '6.8.1' ],
46 silly audit   'css-select': [ '5.1.0' ],
46 silly audit   'css-what': [ '6.1.0' ],
46 silly audit   cssesc: [ '3.0.0' ],
46 silly audit   'custom-event': [ '1.0.1' ],
46 silly audit   'date-format': [ '4.0.14' ],
46 silly audit   'default-gateway': [ '6.0.3' ],
46 silly audit   defaults: [ '1.0.4' ],
46 silly audit   'define-lazy-prop': [ '2.0.0' ],
46 silly audit   delegates: [ '1.0.0' ],
46 silly audit   depd: [ '2.0.0', '1.1.2' ],
46 silly audit   destroy: [ '1.2.0' ],
46 silly audit   'detect-node': [ '2.1.0' ],
46 silly audit   di: [ '0.0.1' ],
46 silly audit   'dir-glob': [ '3.0.1' ],
46 silly audit   'dns-equal': [ '1.0.0' ],
46 silly audit   'dns-packet': [ '5.6.0' ],
46 silly audit   'dom-serialize': [ '2.2.1' ],
46 silly audit   'dom-serializer': [ '2.0.0' ],
46 silly audit   domelementtype: [ '2.3.0' ],
46 silly audit   domhandler: [ '5.0.3' ],
46 silly audit   domutils: [ '3.1.0' ],
46 silly audit   eastasianwidth: [ '0.2.0' ],
46 silly audit   'ee-first': [ '1.1.1' ],
46 silly audit   'electron-to-chromium': [ '1.4.482' ],
46 silly audit   'emojis-list': [ '3.0.0' ],
46 silly audit   encodeurl: [ '1.0.2' ],
46 silly audit   encoding: [ '0.1.13' ],
46 silly audit   'iconv-lite': [ '0.6.3', '0.4.24' ],
46 silly audit   'engine.io': [ '6.5.2' ],
46 silly audit   'engine.io-parser': [ '5.2.1' ],
46 silly audit   'enhanced-resolve': [ '5.15.0' ],
46 silly audit   ent: [ '2.2.0' ],
46 silly audit   entities: [ '4.5.0' ],
46 silly audit   'env-paths': [ '2.2.1' ],
46 silly audit   'err-code': [ '2.0.3' ],
46 silly audit   errno: [ '0.1.8' ],
46 silly audit   'error-ex': [ '1.3.2' ],
46 silly audit   'es-module-lexer': [ '1.3.0' ],
46 silly audit   esbuild: [ '0.17.19' ],
46 silly audit   'esbuild-wasm': [ '0.17.19' ],
46 silly audit   escalade: [ '3.1.1' ],
46 silly audit   'escape-html': [ '1.0.3' ],
46 silly audit   'escape-string-regexp': [ '1.0.5' ],
46 silly audit   'eslint-scope': [ '5.1.1' ],
46 silly audit   esprima: [ '4.0.1' ],
46 silly audit   esrecurse: [ '4.3.0' ],
46 silly audit   estraverse: [ '5.3.0', '4.3.0' ],
46 silly audit   esutils: [ '2.0.3' ],
46 silly audit   etag: [ '1.8.1' ],
46 silly audit   'eventemitter-asyncresource': [ '1.0.0' ],
46 silly audit   eventemitter3: [ '4.0.7' ],
46 silly audit   events: [ '3.3.0' ],
46 silly audit   execa: [ '5.1.1' ],
46 silly audit   'signal-exit': [ '3.0.7', '4.1.0' ],
46 silly audit   'exponential-backoff': [ '3.1.1' ],
46 silly audit   express: [ '4.18.2' ],
46 silly audit   finalhandler: [ '1.2.0', '1.1.2' ],
46 silly audit   'raw-body': [ '2.5.1', '2.5.2' ],
46 silly audit   statuses: [ '2.0.1', '1.5.0' ],
46 silly audit   extend: [ '3.0.2' ],
46 silly audit   'external-editor': [ '3.1.0' ],
46 silly audit   'fast-deep-equal': [ '3.1.3' ],
46 silly audit   'fast-glob': [ '3.2.12', '3.3.1' ],
46 silly audit   'fast-json-stable-stringify': [ '2.1.0' ],
46 silly audit   fastq: [ '1.15.0' ],
46 silly audit   'faye-websocket': [ '0.11.4' ],
46 silly audit   figures: [ '3.2.0' ],
46 silly audit   'fill-range': [ '7.0.1' ],
46 silly audit   'on-finished': [ '2.3.0', '2.4.1' ],
46 silly audit   'find-cache-dir': [ '3.3.2' ],
46 silly audit   'find-up': [ '4.1.0' ],
46 silly audit   flatted: [ '3.2.7' ],
46 silly audit   'follow-redirects': [ '1.15.2' ],
46 silly audit   'foreground-child': [ '3.1.1' ],
46 silly audit   forwarded: [ '0.2.0' ],
46 silly audit   'fraction.js': [ '4.2.0' ],
46 silly audit   fresh: [ '0.5.2' ],
46 silly audit   'fs-extra': [ '8.1.0' ],
46 silly audit   'fs-minipass': [ '3.0.2', '2.1.0' ],
46 silly audit   'fs-monkey': [ '1.0.4' ],
46 silly audit   'fs.realpath': [ '1.0.0' ],
46 silly audit   fsevents: [ '2.3.2' ],
46 silly audit   'function-bind': [ '1.1.1' ],
46 silly audit   gauge: [ '4.0.4' ],
46 silly audit   gensync: [ '1.0.0-beta.2' ],
46 silly audit   'get-caller-file': [ '2.0.5' ],
46 silly audit   'get-intrinsic': [ '1.2.1' ],
46 silly audit   'get-package-type': [ '0.1.0' ],
46 silly audit   'get-stream': [ '6.0.1' ],
46 silly audit   glob: [ '10.3.3', '7.2.3' ],
46 silly audit   'glob-to-regexp': [ '0.4.1' ],
46 silly audit   globals: [ '11.12.0' ],
46 silly audit   globby: [ '13.2.2' ],
46 silly audit   'graceful-fs': [ '4.2.11' ],
46 silly audit   'handle-thing': [ '2.0.1' ],
46 silly audit   has: [ '1.0.3' ],
46 silly audit   'has-proto': [ '1.0.1' ],
46 silly audit   'has-symbols': [ '1.0.3' ],
46 silly audit   'has-unicode': [ '2.0.1' ],
46 silly audit   'hdr-histogram-js': [ '2.0.3' ],
46 silly audit   'hdr-histogram-percentiles-obj': [ '3.0.0' ],
46 silly audit   'hosted-git-info': [ '6.1.1' ],
46 silly audit   'hpack.js': [ '2.1.6' ],
46 silly audit   'readable-stream': [ '2.3.8', '3.6.2' ],
46 silly audit   string_decoder: [ '1.1.1', '1.3.0' ],
46 silly audit   'html-entities': [ '2.4.0' ],
46 silly audit   'html-escaper': [ '2.0.2' ],
46 silly audit   htmlparser2: [ '8.0.2' ],
46 silly audit   'http-cache-semantics': [ '4.1.1' ],
46 silly audit   'http-deceiver': [ '1.2.7' ],
46 silly audit   'http-errors': [ '2.0.0', '1.6.3' ],
46 silly audit   'http-parser-js': [ '0.5.8' ],
46 silly audit   'http-proxy': [ '1.18.1' ],
46 silly audit   'http-proxy-agent': [ '5.0.0' ],
46 silly audit   'http-proxy-middleware': [ '2.0.6' ],
46 silly audit   'https-proxy-agent': [ '5.0.1' ],
46 silly audit   'human-signals': [ '2.1.0' ],
46 silly audit   'humanize-ms': [ '1.2.1' ],
46 silly audit   'icss-utils': [ '5.1.0' ],
46 silly audit   ieee754: [ '1.2.1' ],
46 silly audit   ignore: [ '5.2.4' ],
46 silly audit   'ignore-walk': [ '6.0.3' ],
46 silly audit   'image-size': [ '0.5.5' ],
46 silly audit   immutable: [ '4.3.2' ],
46 silly audit   'import-fresh': [ '3.3.0' ],
46 silly audit   'resolve-from': [ '4.0.0', '5.0.0' ],
46 silly audit   imurmurhash: [ '0.1.4' ],
46 silly audit   'indent-string': [ '4.0.0' ],
46 silly audit   inflight: [ '1.0.6' ],
46 silly audit   inherits: [ '2.0.4', '2.0.3' ],
46 silly audit   ini: [ '4.1.1' ],
46 silly audit   inquirer: [ '8.2.4' ],
46 silly audit   ip: [ '2.0.0' ],
46 silly audit   'ipaddr.js': [ '2.1.0', '1.9.1' ],
46 silly audit   'is-arrayish': [ '0.2.1' ],
46 silly audit   'is-binary-path': [ '2.1.0' ],
46 silly audit   'is-core-module': [ '2.12.1' ],
46 silly audit   'is-docker': [ '2.2.1' ],
46 silly audit   'is-extglob': [ '2.1.1' ],
46 silly audit   'is-fullwidth-code-point': [ '3.0.0' ],
46 silly audit   'is-glob': [ '4.0.3' ],
46 silly audit   'is-interactive': [ '1.0.0' ],
46 silly audit   'is-lambda': [ '1.0.1' ],
46 silly audit   'is-number': [ '7.0.0' ],
46 silly audit   'is-plain-obj': [ '3.0.0' ],
46 silly audit   'is-plain-object': [ '2.0.4' ],
46 silly audit   'is-stream': [ '2.0.1' ],
46 silly audit   'is-unicode-supported': [ '0.1.0' ],
46 silly audit   'is-what': [ '3.14.1' ],
46 silly audit   'is-wsl': [ '2.2.0' ],
46 silly audit   isarray: [ '1.0.0' ],
46 silly audit   isbinaryfile: [ '4.0.10' ],
46 silly audit   isexe: [ '2.0.0' ],
46 silly audit   isobject: [ '3.0.1' ],
46 silly audit   'istanbul-lib-coverage': [ '3.2.0' ],
46 silly audit   'istanbul-lib-instrument': [ '5.2.1' ],
46 silly audit   'istanbul-lib-report': [ '3.0.1' ],
46 silly audit   'make-dir': [ '4.0.0', '2.1.0', '3.1.0' ],
46 silly audit   'istanbul-lib-source-maps': [ '4.0.1' ],
46 silly audit   'source-map': [ '0.6.1', '0.7.4' ],
46 silly audit   'istanbul-reports': [ '3.1.6' ],
46 silly audit   jackspeak: [ '2.2.2' ],
46 silly audit   'jasmine-core': [ '4.6.0' ],
46 silly audit   'jest-worker': [ '27.5.1' ],
46 silly audit   jiti: [ '1.19.1' ],
46 silly audit   jquery: [ '3.7.0' ],
46 silly audit   'js-tokens': [ '4.0.0' ],
46 silly audit   jsesc: [ '2.5.2', '0.5.0' ],
46 silly audit   'json-parse-even-better-errors': [ '2.3.1', '3.0.0' ],
46 silly audit   'json-schema-traverse': [ '1.0.0', '0.4.1' ],
46 silly audit   json5: [ '2.2.3' ],
46 silly audit   'jsonc-parser': [ '3.2.0' ],
46 silly audit   jsonfile: [ '4.0.0' ],
46 silly audit   jsonparse: [ '1.3.1' ],
46 silly audit   karma: [ '6.4.2' ],
46 silly audit   'karma-chrome-launcher': [ '3.2.0' ],
46 silly audit   'karma-coverage': [ '2.2.1' ],
46 silly audit   minimatch: [ '3.1.2', '9.0.3' ],
46 silly audit   'karma-jasmine': [ '5.1.0' ],
46 silly audit   'karma-jasmine-html-reporter': [ '2.1.0' ],
46 silly audit   'karma-source-map-support': [ '1.4.0' ],
46 silly audit   tmp: [ '0.2.1', '0.0.33' ],
46 silly audit   yargs: [ '16.2.0', '17.7.2' ],
46 silly audit   'yargs-parser': [ '20.2.9', '21.1.1' ],
46 silly audit   'kind-of': [ '6.0.3' ],
46 silly audit   klona: [ '2.0.6' ],
46 silly audit   'launch-editor': [ '2.6.0' ],
46 silly audit   less: [ '4.1.3' ],
46 silly audit   'less-loader': [ '11.1.0' ],
46 silly audit   mime: [ '1.6.0', '2.6.0' ],
46 silly audit   'license-webpack-plugin': [ '4.0.2' ],
46 silly audit   'lines-and-columns': [ '1.2.4' ],
46 silly audit   'loader-runner': [ '4.3.0' ],
46 silly audit   'locate-path': [ '5.0.0' ],
46 silly audit   lodash: [ '4.17.21' ],
46 silly audit   'lodash.debounce': [ '4.0.8' ],
46 silly audit   'log-symbols': [ '4.1.0' ],
46 silly audit   log4js: [ '6.9.1' ],
46 silly audit   'magic-string': [ '0.30.0' ],
46 silly audit   'make-fetch-happen': [ '11.1.1' ],
46 silly audit   'media-typer': [ '0.3.0' ],
46 silly audit   memfs: [ '3.5.3' ],
46 silly audit   'merge-descriptors': [ '1.0.1' ],
46 silly audit   'merge-stream': [ '2.0.0' ],
46 silly audit   merge2: [ '1.4.1' ],
46 silly audit   methods: [ '1.1.2' ],
46 silly audit   micromatch: [ '4.0.5' ],
46 silly audit   'mime-db': [ '1.52.0' ],
46 silly audit   'mime-types': [ '2.1.35' ],
46 silly audit   'mimic-fn': [ '2.1.0' ],
46 silly audit   'mini-css-extract-plugin': [ '2.7.6' ],
46 silly audit   'minimalistic-assert': [ '1.0.1' ],
46 silly audit   minimist: [ '1.2.8' ],
46 silly audit   minipass: [ '5.0.0', '3.3.6' ],
46 silly audit   'minipass-collect': [ '1.0.2' ],
46 silly audit   yallist: [ '4.0.0', '3.1.1' ],
46 silly audit   'minipass-fetch': [ '3.0.3' ],
46 silly audit   'minipass-flush': [ '1.0.5' ],
46 silly audit   'minipass-json-stream': [ '1.0.1' ],
46 silly audit   'minipass-pipeline': [ '1.2.4' ],
46 silly audit   'minipass-sized': [ '1.0.3' ],
46 silly audit   minizlib: [ '2.1.2' ],
46 silly audit   mkdirp: [ '0.5.6', '1.0.4' ],
46 silly audit   mrmime: [ '1.0.1' ],
46 silly audit   'multicast-dns': [ '7.2.5' ],
46 silly audit   'mute-stream': [ '0.0.8' ],
46 silly audit   nanoid: [ '3.3.6' ],
46 silly audit   needle: [ '3.2.0' ],
46 silly audit   negotiator: [ '0.6.3' ],
46 silly audit   'neo-async': [ '2.6.2' ],
46 silly audit   'nice-napi': [ '1.0.2' ],
46 silly audit   'node-addon-api': [ '3.2.1' ],
46 silly audit   'node-forge': [ '1.3.1' ],
46 silly audit   'node-gyp': [ '9.4.0' ],
46 silly audit   'node-gyp-build': [ '4.6.0' ],
46 silly audit   'node-releases': [ '2.0.13' ],
46 silly audit   nopt: [ '6.0.0' ],
46 silly audit   'normalize-package-data': [ '5.0.0' ],
46 silly audit   'normalize-path': [ '3.0.0' ],
46 silly audit   'normalize-range': [ '0.1.2' ],
46 silly audit   'npm-bundled': [ '3.0.0' ],
46 silly audit   'npm-install-checks': [ '6.1.1' ],
46 silly audit   'npm-normalize-package-bin': [ '3.0.1' ],
46 silly audit   'npm-package-arg': [ '10.1.0' ],
46 silly audit   'npm-packlist': [ '7.0.4' ],
46 silly audit   'npm-pick-manifest': [ '8.0.1' ],
46 silly audit   'npm-registry-fetch': [ '14.0.5' ],
46 silly audit   'npm-run-path': [ '4.0.1' ],
46 silly audit   npmlog: [ '6.0.2' ],
46 silly audit   'nth-check': [ '2.1.1' ],
46 silly audit   'object-assign': [ '4.1.1' ],
46 silly audit   'object-inspect': [ '1.12.3' ],
46 silly audit   obuf: [ '1.1.2' ],
46 silly audit   'on-headers': [ '1.0.2' ],
46 silly audit   once: [ '1.4.0' ],
46 silly audit   onetime: [ '5.1.2' ],
46 silly audit   open: [ '8.4.2' ],
46 silly audit   ora: [ '5.4.1' ],
46 silly audit   'os-tmpdir': [ '1.0.2' ],
46 silly audit   'p-limit': [ '2.3.0' ],
46 silly audit   'p-locate': [ '4.1.0' ],
46 silly audit   'p-map': [ '4.0.0' ],
46 silly audit   'p-retry': [ '4.6.2' ],
46 silly audit   retry: [ '0.13.1', '0.12.0' ],
46 silly audit   'p-try': [ '2.2.0' ],
46 silly audit   pacote: [ '15.2.0' ],
46 silly audit   pako: [ '1.0.11' ],
46 silly audit   'parent-module': [ '1.0.1' ],
46 silly audit   'parse-json': [ '5.2.0' ],
46 silly audit   'parse-node-version': [ '1.0.1' ],
46 silly audit   parse5: [ '7.1.2' ],
46 silly audit   'parse5-html-rewriting-stream': [ '7.0.0' ],
46 silly audit   'parse5-sax-parser': [ '7.0.0' ],
46 silly audit   parseurl: [ '1.3.3' ],
46 silly audit   'path-exists': [ '4.0.0' ],
46 silly audit   'path-is-absolute': [ '1.0.1' ],
46 silly audit   'path-key': [ '3.1.1' ],
46 silly audit   'path-parse': [ '1.0.7' ],
46 silly audit   'path-scurry': [ '1.10.1' ],
46 silly audit   'path-to-regexp': [ '0.1.7' ],
46 silly audit   'path-type': [ '4.0.0' ],
46 silly audit   picocolors: [ '1.0.0' ],
46 silly audit   picomatch: [ '2.3.1' ],
46 silly audit   pify: [ '4.0.1' ],
46 silly audit   piscina: [ '3.2.0' ],
46 silly audit   'pkg-dir': [ '4.2.0' ],
46 silly audit   'popper.js': [ '1.16.1' ],
46 silly audit   postcss: [ '8.4.24' ],
46 silly audit   'postcss-loader': [ '7.3.2' ],
46 silly audit   'postcss-modules-extract-imports': [ '3.0.0' ],
46 silly audit   'postcss-modules-local-by-default': [ '4.0.3' ],
46 silly audit   'postcss-modules-scope': [ '3.0.0' ],
46 silly audit   'postcss-modules-values': [ '4.0.0' ],
46 silly audit   'postcss-selector-parser': [ '6.0.13' ],
46 silly audit   'postcss-value-parser': [ '4.2.0' ],
46 silly audit   'pretty-bytes': [ '5.6.0' ],
46 silly audit   'proc-log': [ '3.0.0' ],
46 silly audit   'process-nextick-args': [ '2.0.1' ],
46 silly audit   'promise-inflight': [ '1.0.1' ],
46 silly audit   'promise-retry': [ '2.0.1' ],
46 silly audit   'proxy-addr': [ '2.0.7' ],
46 silly audit   prr: [ '1.0.1' ],
46 silly audit   punycode: [ '2.3.0' ],
46 silly audit   qjobs: [ '1.2.0' ],
46 silly audit   qs: [ '6.11.0' ],
46 silly audit   'queue-microtask': [ '1.2.3' ],
46 silly audit   randombytes: [ '2.1.0' ],
46 silly audit   'range-parser': [ '1.2.1' ],
46 silly audit   'read-package-json': [ '6.0.4' ],
46 silly audit   'read-package-json-fast': [ '3.0.2' ],
46 silly audit   readdirp: [ '3.6.0' ],
46 silly audit   'reflect-metadata': [ '0.1.13' ],
46 silly audit   regenerate: [ '1.4.2' ],
46 silly audit   'regenerate-unicode-properties': [ '10.1.0' ],
46 silly audit   'regenerator-runtime': [ '0.13.11' ],
46 silly audit   'regenerator-transform': [ '0.15.1' ],
46 silly audit   'regex-parser': [ '2.2.11' ],
46 silly audit   'regexpu-core': [ '5.3.2' ],
46 silly audit   regjsparser: [ '0.9.1' ],
46 silly audit   'require-directory': [ '2.1.1' ],
46 silly audit   'require-from-string': [ '2.0.2' ],
46 silly audit   'requires-port': [ '1.0.0' ],
46 silly audit   resolve: [ '1.22.2' ],
46 silly audit   'resolve-url-loader': [ '5.0.0' ],
46 silly audit   'restore-cursor': [ '3.1.0' ],
46 silly audit   reusify: [ '1.0.4' ],
46 silly audit   rfdc: [ '1.3.0' ],
46 silly audit   rimraf: [ '3.0.2' ],
46 silly audit   rollup: [ '3.27.1' ],
46 silly audit   'run-async': [ '2.4.1' ],
46 silly audit   'run-parallel': [ '1.2.0' ],
46 silly audit   rxjs: [ '7.8.1' ],
46 silly audit   'safer-buffer': [ '2.1.2' ],
46 silly audit   sass: [ '1.63.2' ],
46 silly audit   'sass-loader': [ '13.3.1' ],
46 silly audit   sax: [ '1.2.4' ],
46 silly audit   'schema-utils': [ '4.2.0', '3.3.0' ],
46 silly audit   'select-hose': [ '2.0.0' ],
46 silly audit   selfsigned: [ '2.1.1' ],
46 silly audit   send: [ '0.18.0' ],
46 silly audit   'serialize-javascript': [ '6.0.1' ],
46 silly audit   'serve-index': [ '1.9.1' ],
46 silly audit   setprototypeof: [ '1.1.0', '1.2.0' ],
46 silly audit   'serve-static': [ '1.15.0' ],
46 silly audit   'set-blocking': [ '2.0.0' ],
46 silly audit   'shallow-clone': [ '3.0.1' ],
46 silly audit   'shebang-command': [ '2.0.0' ],
46 silly audit   'shebang-regex': [ '3.0.0' ],
46 silly audit   'shell-quote': [ '1.8.1' ],
46 silly audit   'side-channel': [ '1.0.4' ],
46 silly audit   sigstore: [ '1.8.0' ],
46 silly audit   slash: [ '4.0.0' ],
46 silly audit   'smart-buffer': [ '4.2.0' ],
46 silly audit   'socket.io': [ '4.7.2' ],
46 silly audit   'socket.io-adapter': [ '2.5.2' ],
46 silly audit   'socket.io-parser': [ '4.2.4' ],
46 silly audit   sockjs: [ '0.3.24' ],
46 silly audit   socks: [ '2.7.1' ],
46 silly audit   'socks-proxy-agent': [ '7.0.0' ],
46 silly audit   'source-map-js': [ '1.0.2' ],
46 silly audit   'source-map-loader': [ '4.0.1' ],
46 silly audit   'source-map-support': [ '0.5.21' ],
46 silly audit   'spdx-correct': [ '3.2.0' ],
46 silly audit   'spdx-exceptions': [ '2.3.0' ],
46 silly audit   'spdx-expression-parse': [ '3.0.1' ],
46 silly audit   'spdx-license-ids': [ '3.0.13' ],
46 silly audit   spdy: [ '4.0.2' ],
46 silly audit   'spdy-transport': [ '3.0.0' ],
46 silly audit   'sprintf-js': [ '1.0.3' ],
46 silly audit   ssri: [ '10.0.4' ],
46 silly audit   streamroller: [ '3.1.5' ],
46 silly audit   'strip-final-newline': [ '2.0.0' ],
46 silly audit   'supports-preserve-symlinks-flag': [ '1.0.0' ],
46 silly audit   'symbol-observable': [ '4.0.0' ],
46 silly audit   tapable: [ '2.2.1' ],
46 silly audit   tar: [ '6.1.15' ],
46 silly audit   terser: [ '5.17.7' ],
46 silly audit   'terser-webpack-plugin': [ '5.3.9' ],
46 silly audit   'test-exclude': [ '6.0.0' ],
46 silly audit   'text-table': [ '0.2.0' ],
46 silly audit   through: [ '2.3.8' ],
46 silly audit   thunky: [ '1.1.0' ],
46 silly audit   'to-fast-properties': [ '2.0.0' ],
46 silly audit   'to-regex-range': [ '5.0.1' ],
46 silly audit   toidentifier: [ '1.0.1' ],
46 silly audit   'tree-kill': [ '1.2.2' ],
46 silly audit   'tuf-js': [ '1.1.7' ],
46 silly audit   'type-fest': [ '0.21.3' ],
46 silly audit   'type-is': [ '1.6.18' ],
46 silly audit   'typed-assert': [ '1.0.9' ],
46 silly audit   typescript: [ '5.1.6' ],
46 silly audit   'ua-parser-js': [ '0.7.35' ],
46 silly audit   'unicode-canonical-property-names-ecmascript': [ '2.0.0' ],
46 silly audit   'unicode-match-property-ecmascript': [ '2.0.0' ],
46 silly audit   'unicode-match-property-value-ecmascript': [ '2.1.0' ],
46 silly audit   'unicode-property-aliases-ecmascript': [ '2.1.0' ],
46 silly audit   'unique-filename': [ '3.0.0' ],
46 silly audit   'unique-slug': [ '4.0.0' ],
46 silly audit   universalify: [ '0.1.2' ],
46 silly audit   unpipe: [ '1.0.0' ],
46 silly audit   'update-browserslist-db': [ '1.0.11' ],
46 silly audit   'uri-js': [ '4.4.1' ],
46 silly audit   'util-deprecate': [ '1.0.2' ],
46 silly audit   'utils-merge': [ '1.0.1' ],
46 silly audit   uuid: [ '8.3.2' ],
46 silly audit   'validate-npm-package-license': [ '3.0.4' ],
46 silly audit   'validate-npm-package-name': [ '5.0.0' ],
46 silly audit   vary: [ '1.1.2' ],
46 silly audit   vite: [ '4.3.9' ],
46 silly audit   'void-elements': [ '2.0.1' ],
46 silly audit   watchpack: [ '2.4.0' ],
46 silly audit   wbuf: [ '1.7.3' ],
46 silly audit   wcwidth: [ '1.0.1' ],
46 silly audit   webpack: [ '5.86.0' ],
46 silly audit   'webpack-dev-middleware': [ '6.1.1', '5.3.3' ],
46 silly audit   'webpack-dev-server': [ '4.15.0' ],
46 silly audit   ws: [ '8.13.0', '8.11.0' ],
46 silly audit   'webpack-merge': [ '5.9.0' ],
46 silly audit   'webpack-sources': [ '3.2.3' ],
46 silly audit   'webpack-subresource-integrity': [ '5.1.0' ],
46 silly audit   'websocket-driver': [ '0.7.4' ],
46 silly audit   'websocket-extensions': [ '0.1.4' ],
46 silly audit   'wide-align': [ '1.1.5' ],
46 silly audit   wildcard: [ '2.0.1' ],
46 silly audit   wrappy: [ '1.0.2' ],
46 silly audit   y18n: [ '5.0.8' ],
46 silly audit   'zone.js': [ '0.13.1' ]
46 silly audit }
47 verbose reify failed optional dependency /app/node_modules/@esbuild/win32-x64
48 silly reify mark deleted [ '/app/node_modules/@esbuild/win32-x64' ]
49 verbose reify failed optional dependency /app/node_modules/@esbuild/win32-ia32
50 silly reify mark deleted [ '/app/node_modules/@esbuild/win32-ia32' ]
51 verbose reify failed optional dependency /app/node_modules/@esbuild/win32-arm64
52 silly reify mark deleted [ '/app/node_modules/@esbuild/win32-arm64' ]
53 verbose reify failed optional dependency /app/node_modules/@esbuild/sunos-x64
54 silly reify mark deleted [ '/app/node_modules/@esbuild/sunos-x64' ]
55 verbose reify failed optional dependency /app/node_modules/@esbuild/openbsd-x64
56 silly reify mark deleted [ '/app/node_modules/@esbuild/openbsd-x64' ]
57 verbose reify failed optional dependency /app/node_modules/@esbuild/netbsd-x64
58 silly reify mark deleted [ '/app/node_modules/@esbuild/netbsd-x64' ]
59 verbose reify failed optional dependency /app/node_modules/@esbuild/linux-x64
60 silly reify mark deleted [ '/app/node_modules/@esbuild/linux-x64' ]
61 verbose reify failed optional dependency /app/node_modules/@esbuild/linux-s390x
62 silly reify mark deleted [ '/app/node_modules/@esbuild/linux-s390x' ]
63 verbose reify failed optional dependency /app/node_modules/@esbuild/linux-riscv64
64 silly reify mark deleted [ '/app/node_modules/@esbuild/linux-riscv64' ]
65 verbose reify failed optional dependency /app/node_modules/@esbuild/linux-ppc64
66 silly reify mark deleted [ '/app/node_modules/@esbuild/linux-ppc64' ]
67 verbose reify failed optional dependency /app/node_modules/@esbuild/linux-mips64el
68 silly reify mark deleted [ '/app/node_modules/@esbuild/linux-mips64el' ]
69 verbose reify failed optional dependency /app/node_modules/@esbuild/linux-loong64
70 silly reify mark deleted [ '/app/node_modules/@esbuild/linux-loong64' ]
71 verbose reify failed optional dependency /app/node_modules/@esbuild/linux-ia32
72 silly reify mark deleted [ '/app/node_modules/@esbuild/linux-ia32' ]
73 verbose reify failed optional dependency /app/node_modules/@esbuild/linux-arm
74 silly reify mark deleted [ '/app/node_modules/@esbuild/linux-arm' ]
75 verbose reify failed optional dependency /app/node_modules/@esbuild/freebsd-x64
76 silly reify mark deleted [ '/app/node_modules/@esbuild/freebsd-x64' ]
77 verbose reify failed optional dependency /app/node_modules/@esbuild/freebsd-arm64
78 silly reify mark deleted [ '/app/node_modules/@esbuild/freebsd-arm64' ]
79 verbose reify failed optional dependency /app/node_modules/@esbuild/darwin-x64
80 silly reify mark deleted [ '/app/node_modules/@esbuild/darwin-x64' ]
81 verbose reify failed optional dependency /app/node_modules/@esbuild/android-x64
82 silly reify mark deleted [ '/app/node_modules/@esbuild/android-x64' ]
83 verbose reify failed optional dependency /app/node_modules/@esbuild/android-arm64
84 silly reify mark deleted [ '/app/node_modules/@esbuild/android-arm64' ]
85 verbose reify failed optional dependency /app/node_modules/@esbuild/android-arm
86 silly reify mark deleted [ '/app/node_modules/@esbuild/android-arm' ]
87 timing reifyNode:node_modules/@esbuild/win32-x64 Completed in 56ms
88 timing reifyNode:node_modules/@esbuild/win32-ia32 Completed in 56ms
89 timing reifyNode:node_modules/@esbuild/win32-arm64 Completed in 56ms
90 timing reifyNode:node_modules/@esbuild/sunos-x64 Completed in 57ms
91 timing reifyNode:node_modules/@esbuild/openbsd-x64 Completed in 57ms
92 timing reifyNode:node_modules/@esbuild/netbsd-x64 Completed in 57ms
93 timing reifyNode:node_modules/@esbuild/linux-x64 Completed in 57ms
94 timing reifyNode:node_modules/@esbuild/linux-s390x Completed in 58ms
95 timing reifyNode:node_modules/@esbuild/linux-riscv64 Completed in 58ms
96 timing reifyNode:node_modules/@esbuild/linux-ppc64 Completed in 58ms
97 timing reifyNode:node_modules/@esbuild/linux-mips64el Completed in 58ms
98 timing reifyNode:node_modules/@esbuild/linux-loong64 Completed in 59ms
99 timing reifyNode:node_modules/@esbuild/linux-ia32 Completed in 59ms
100 timing reifyNode:node_modules/@esbuild/linux-arm Completed in 59ms
101 timing reifyNode:node_modules/@esbuild/freebsd-x64 Completed in 59ms
102 timing reifyNode:node_modules/@esbuild/freebsd-arm64 Completed in 60ms
103 timing reifyNode:node_modules/@esbuild/darwin-x64 Completed in 61ms
104 timing reifyNode:node_modules/@esbuild/android-x64 Completed in 61ms
105 timing reifyNode:node_modules/@esbuild/android-arm64 Completed in 61ms
106 timing reifyNode:node_modules/@esbuild/android-arm Completed in 62ms
107 timing reify:unpack Completed in 62ms
108 timing reify:unretire Completed in 0ms
109 timing build:queue Completed in 11ms
110 timing build:deps Completed in 14ms
111 timing build Completed in 15ms
112 timing reify:build Completed in 17ms
113 timing reify:trash Completed in 12ms
114 timing reify:save Completed in 129ms
115 http fetch POST 200 https://registry.npmjs.org/-/npm/v1/security/advisories/bulk 1451ms
116 timing auditReport:getReport Completed in 1472ms
117 silly audit report {}
118 timing auditReport:init Completed in 0ms
119 timing reify:audit Completed in 1473ms
120 timing reify Completed in 3287ms
121 silly ADD
122 silly ADD
123 silly ADD
124 silly ADD
125 silly ADD
126 silly ADD
127 silly ADD
128 silly ADD
129 silly ADD
130 silly ADD
131 silly ADD
132 silly ADD
133 silly ADD
134 silly ADD
135 silly ADD
136 silly ADD
137 silly ADD
138 silly ADD
139 silly ADD
140 silly ADD
141 timing command:i Completed in 3319ms
142 verbose exit 0
143 timing npm Completed in 3454ms
144 info ok
